<?xml version="1.0" encoding="UTF-8"?>
<!-- Generated by org.testng.reporters.JUnitReportReporter -->
<testsuite hostname="DESKTOP-ACRI0R8" failures="0" tests="2" name="testCases.TC001_AccountRegistrationTest" time="13.188" errors="0" timestamp="2024-08-24T13:00:37 IST" skipped="0">
  <testcase classname="testCases.TC001_AccountRegistrationTest" name="verifyAccountRegistration" time="8.277"/>
  <testcase classname="testCases.TC001_AccountRegistrationTest" name="verifyAccountRegistration" time="4.911"/>
</testsuite> <!-- testCases.TC001_AccountRegistrationTest -->
