<?xml version="1.0" encoding="UTF-8"?>
<!-- Generated by org.testng.reporters.JUnitReportReporter -->
<testsuite hostname="DESKTOP-ACRI0R8" failures="0" tests="1" name="testCases.TC001_LoginPageTest" time="2.058" errors="0" timestamp="2024-08-09T20:51:13 IST" skipped="0">
  <testcase classname="testCases.TC001_LoginPageTest" name="verifyLogin" time="2.058"/>
</testsuite> <!-- testCases.TC001_LoginPageTest -->
