<?xml version="1.0" encoding="UTF-8"?>
<!-- Generated by org.testng.reporters.JUnitReportReporter -->
<testsuite hostname="DESKTOP-ACRI0R8" failures="0" tests="5" name="testCases.TC003_LoginDDT" time="33.190" errors="0" timestamp="2024-08-22T15:36:40 IST" skipped="0">
  <testcase classname="testCases.TC003_LoginDDT" name="verifyLogin_DDT" time="2.800"/>
  <testcase classname="testCases.TC003_LoginDDT" name="verifyLogin_DDT" time="2.103"/>
  <testcase classname="testCases.TC003_LoginDDT" name="verifyLogin_DDT" time="5.329"/>
  <testcase classname="testCases.TC003_LoginDDT" name="verifyLogin_DDT" time="11.368"/>
  <testcase classname="testCases.TC003_LoginDDT" name="verifyLogin_DDT" time="11.590"/>
</testsuite> <!-- testCases.TC003_LoginDDT -->
