<?xml version="1.0" encoding="UTF-8"?>
<!-- Generated by org.testng.reporters.JUnitReportReporter -->
<testsuite hostname="DESKTOP-ACRI0R8" failures="0" tests="1" name="testCases.TC001_AccountRegistrationTest" time="3.348" errors="0" timestamp="2024-08-27T08:55:16 IST" skipped="0">
  <testcase classname="testCases.TC001_AccountRegistrationTest" name="verifyAccountRegistration" time="3.348"/>
</testsuite> <!-- testCases.TC001_AccountRegistrationTest -->
